E1.txt 0.512826
E10.txt 0.636306
E11.txt 0.628399
E12.txt 0.274331
E13.txt 0.379973
E14.txt 0.357055
E15.txt 0.652282
E16.txt 0.135465
E17.txt 0.337894
E18.txt 0.682443
E19.txt 0.227756
E2.txt 0.460562
E20.txt 0.298756
E21.txt 0.265466
E22.txt 0.717556
E23.txt 0.151950
E24.txt 1.952560
E25.txt 0.648372
E26.txt 1.136233
E27.txt 0.356988
E28.txt 0.547654
E29.txt 0.071304
E3.txt 0.294086
E30.txt 0.290703
E31.txt 0.679764
E32.txt 0.274291
E33.txt 0.590438
E34.txt 0.228243
E35.txt 0.654221
E36.txt 0.162084
E37.txt 0.343058
E38.txt 0.343274
E39.txt 0.608415
E4.txt 0.807364
E5.txt 0.621800
E6.txt 0.262459
E7.txt 0.624393
E8.txt 0.630755
E9.txt 0.312736
N1.txt 1.954653
N10.txt 1.538848
N11.txt 1.204524
N12.txt 1.320340
N13.txt 2.338155
N14.txt 0.723878
N15.txt 2.028446
N16.txt 0.696914
N17.txt 1.414090
N18.txt 1.044006
N19.txt 1.328831
N2.txt 0.826519
N20.txt 0.660966
N21.txt 0.644503
N22.txt 0.501384
N23.txt 0.732613
N24.txt 1.381505
N25.txt 0.764089
N26.txt 0.331149
N27.txt 2.479007
N28.txt 0.384716
N29.txt 1.321358
N3.txt 0.783977
N30.txt 1.621707
N31.txt 1.159543
N32.txt 0.512698
N33.txt 0.432673
N34.txt 0.597029
N35.txt 1.561632
N36.txt 0.493138
N37.txt 2.399759
N38.txt 0.625847
N39.txt 2.030217
N4.txt 0.375112
N40.txt 0.589204
N41.txt 1.905578
N42.txt 2.287917
N43.txt 0.733391
N44.txt 0.734011
N45.txt 0.832906
N5.txt 0.655736
N6.txt 1.430574
N7.txt 0.704988
N8.txt 1.370442
N9.txt 1.602364
