E1.txt 0.46321
E10.txt 0.42894
E11.txt 0.47860
E12.txt 0.42561
E13.txt 0.41418
E14.txt 0.43582
E15.txt 0.48680
E16.txt 0.40119
E17.txt 0.38321
E18.txt 0.45389
E19.txt 0.45830
E2.txt 0.41760
E20.txt 0.34199
E21.txt 0.38155
E22.txt 0.55478
E23.txt 0.45708
E24.txt 0.55334
E25.txt 0.43497
E26.txt 0.47012
E27.txt 0.32707
E28.txt 0.31259
E29.txt 0.42154
E3.txt 0.44140
E30.txt 0.39566
E31.txt 0.43515
E32.txt 0.42560
E33.txt 0.38712
E34.txt 0.45013
E35.txt 0.48609
E36.txt 0.44357
E37.txt 0.43981
E38.txt 0.48591
E39.txt 0.44867
E4.txt 0.49475
E5.txt 0.39781
E6.txt 0.35982
E7.txt 0.44639
E8.txt 0.45171
E9.txt 0.34837
N1.txt 0.54175
N10.txt 0.70647
N11.txt 0.56441
N12.txt 0.53770
N13.txt 0.49013
N14.txt 0.29324
N15.txt 0.64619
N16.txt 0.51316
N17.txt 0.53387
N18.txt 0.56153
N19.txt 0.44846
N2.txt 0.51564
N20.txt 0.49970
N21.txt 0.42673
N22.txt 0.24094
N23.txt 0.40109
N24.txt 0.44498
N25.txt 0.46449
N26.txt 0.22462
N27.txt 0.60180
N28.txt 0.54113
N29.txt 0.37847
N3.txt 0.40376
N30.txt 0.59872
N31.txt 0.49655
N32.txt 0.39471
N33.txt 0.27228
N34.txt 0.42620
N35.txt 0.66954
N36.txt 0.32471
N37.txt 0.54356
N38.txt 0.41445
N39.txt 0.47148
N4.txt 0.48363
N40.txt 0.44770
N41.txt 0.58653
N42.txt 0.54355
N43.txt 0.45849
N44.txt 0.49868
N45.txt 0.47109
N5.txt 0.38008
N6.txt 0.41041
N7.txt 0.54184
N8.txt 0.55496
N9.txt 0.60568
